Build started 28/04/2015 3:48:09 PM.
     1>Project "C:\Users\elizabeth.rowlands\Documents\GitHub\Angin\Angin\Angin\Angin.vcxproj" on node 2 (Build target(s)).
     1>C:\Program Files (x86)\MSBuild\Microsoft.Cpp\v4.0\V120\Microsoft.CppBuild.targets(381,5): warning MSB8028: The intermediate directory (C:\Users\elizabeth.rowlands\Documents\GitHub\Angin\Angin\..\Release\bin\) contains files shared from another project (LTL.vcxproj).  This can lead to incorrect clean and rebuild behavior.
     1>ClCompile:
         C:\Program Files (x86)\Microsoft Visual Studio 12.0\VC\bin\CL.exe /c /IC:\Users\elizabeth.rowlands\Documents\GitHub\Angin\Angin\Angin\include /IC:\Users\elizabeth.rowlands\Documents\GitHub\Angin\Angin\\3rdParty\glm\ /IC:\Users\elizabeth.rowlands\Documents\GitHub\Angin\Angin\3rdParty\SDL2\include\ /Zi /nologo /W3 /WX- /O2 /Oi /Oy- /GL /D WIN32 /D NDEBUG /D _LIB /D ANGIN_EXPORTS /D GLM_FORCE_PURE /D _WINDLL /D _UNICODE /D UNICODE /Gm- /EHsc /MD /GS /Gy /fp:precise /Zc:wchar_t /Zc:forScope /Fo"C:\Users\elizabeth.rowlands\Documents\GitHub\Angin\Angin\..\Release\bin\\" /Fd"C:\Users\elizabeth.rowlands\Documents\GitHub\Angin\Angin\..\Release\bin\vc120.pdb" /Gd /TP /analyze- /errorReport:prompt source\FlyCamera.cpp source\Game.cpp source\Object.cpp source\Window.cpp
         FlyCamera.cpp
         Game.cpp
         Object.cpp
         Window.cpp
     1>source\Window.cpp(19): warning C4996: 'strcpy': This function or variable may be unsafe. Consider using strcpy_s instead. To disable deprecation, use _CRT_SECURE_NO_WARNINGS. See online help for details.
                 C:\Program Files (x86)\Microsoft Visual Studio 12.0\VC\include\string.h(112) : see declaration of 'strcpy'
     1>source\Window.cpp(24): warning C4804: '<' : unsafe use of type 'bool' in operation
       Link:
         C:\Program Files (x86)\Microsoft Visual Studio 12.0\VC\bin\link.exe /ERRORREPORT:PROMPT /OUT:"C:\Users\elizabeth.rowlands\Documents\GitHub\Angin\Angin\..\Release\Angin.dll" /NOLOGO /LIBPATH:C:\Users\elizabeth.rowlands\Documents\GitHub\Angin\Angin\3rdParty\SDL2\lib\x86\ kernel32.lib user32.lib gdi32.lib winspool.lib comdlg32.lib advapi32.lib shell32.lib ole32.lib oleaut32.lib uuid.lib odbc32.lib odbccp32.lib SDL2.lib SDL2main.lib kernel32.lib user32.lib gdi32.lib winspool.lib comdlg32.lib advapi32.lib shell32.lib ole32.lib oleaut32.lib uuid.lib odbc32.lib odbccp32.lib /MANIFEST /MANIFESTUAC:"level='asInvoker' uiAccess='false'" /manifest:embed /DEBUG /PDB:"C:\Users\elizabeth.rowlands\Documents\GitHub\Angin\Angin\..\Release\Angin.pdb" /SUBSYSTEM:WINDOWS /OPT:REF /OPT:ICF /LTCG /TLBID:1 /DYNAMICBASE /NXCOMPAT /IMPLIB:"C:\Users\elizabeth.rowlands\Documents\GitHub\Angin\Angin\..\Release\Angin.lib" /MACHINE:X86 /SAFESEH /DLL C:\Users\elizabeth.rowlands\Documents\GitHub\Angin\Angin\..\Release\bin\FlyCamera.obj
         C:\Users\elizabeth.rowlands\Documents\GitHub\Angin\Angin\..\Release\bin\Game.obj
         C:\Users\elizabeth.rowlands\Documents\GitHub\Angin\Angin\..\Release\bin\Object.obj
         C:\Users\elizabeth.rowlands\Documents\GitHub\Angin\Angin\..\Release\bin\Window.obj
            Creating library C:\Users\elizabeth.rowlands\Documents\GitHub\Angin\Angin\..\Release\Angin.lib and object C:\Users\elizabeth.rowlands\Documents\GitHub\Angin\Angin\..\Release\Angin.exp
         Generating code
         Finished generating code
         Angin.vcxproj -> C:\Users\elizabeth.rowlands\Documents\GitHub\Angin\Angin\..\Release\Angin.dll
     1>Done Building Project "C:\Users\elizabeth.rowlands\Documents\GitHub\Angin\Angin\Angin\Angin.vcxproj" (Build target(s)).

Build succeeded.

Time Elapsed 00:00:01.45
