Build started 28/04/2015 3:18:07 PM.
     1>Project "C:\Users\elizabeth.rowlands\Documents\GitHub\Angin\Angin\StandardLib\StandardLib.vcxproj" on node 2 (Build target(s)).
     1>ClCompile:
         C:\Program Files (x86)\Microsoft Visual Studio 12.0\VC\bin\CL.exe /c /Zi /nologo /Wall /WX- /O2 /Oi /Oy- /GL /D WIN32 /D NDEBUG /D _LIB /D STANDARD_EXPORTS_WINDLL /D _UNICODE /D UNICODE /Gm- /EHsc /MD /GS /Gy /fp:precise /Zc:wchar_t /Zc:forScope /Fo"C:\Users\elizabeth.rowlands\Documents\GitHub\Angin\Angin\..\Release\bin\\" /Fd"C:\Users\elizabeth.rowlands\Documents\GitHub\Angin\Angin\..\Release\bin\vc120.pdb" /Gd /TP /analyze- /errorReport:prompt source\String.cpp
         String.cpp
     1>source\String.cpp(4): warning C4273: 'String::String' : inconsistent dll linkage
                 c:\users\elizabeth.rowlands\documents\github\angin\angin\standardlib\source\String.h(15) : see previous definition of '{ctor}'
     1>source\String.cpp(10): warning C4273: 'String::String' : inconsistent dll linkage
                 c:\users\elizabeth.rowlands\documents\github\angin\angin\standardlib\source\String.h(17) : see previous definition of '{ctor}'
     1>source\String.cpp(38): warning C4273: 'String::String' : inconsistent dll linkage
                 c:\users\elizabeth.rowlands\documents\github\angin\angin\standardlib\source\String.h(19) : see previous definition of '{ctor}'
     1>source\String.cpp(52): warning C4273: 'String::String' : inconsistent dll linkage
                 c:\users\elizabeth.rowlands\documents\github\angin\angin\standardlib\source\String.h(21) : see previous definition of '{ctor}'
     1>source\String.cpp(71): warning C4273: 'String::~String' : inconsistent dll linkage
                 c:\users\elizabeth.rowlands\documents\github\angin\angin\standardlib\source\String.h(23) : see previous definition of '{dtor}'
     1>source\String.cpp(81): warning C4273: 'String::operator =' : inconsistent dll linkage
                 c:\users\elizabeth.rowlands\documents\github\angin\angin\standardlib\source\String.h(25) : see previous definition of '='
     1>source\String.cpp(97): warning C4273: 'String::operator =' : inconsistent dll linkage
                 c:\users\elizabeth.rowlands\documents\github\angin\angin\standardlib\source\String.h(27) : see previous definition of '='
     1>source\String.cpp(122): warning C4273: 'String::operator +' : inconsistent dll linkage
                 c:\users\elizabeth.rowlands\documents\github\angin\angin\standardlib\source\String.h(29) : see previous definition of '+'
     1>source\String.cpp(148): warning C4273: 'String::operator +=' : inconsistent dll linkage
                 c:\users\elizabeth.rowlands\documents\github\angin\angin\standardlib\source\String.h(31) : see previous definition of '+='
     1>source\String.cpp(153): warning C4273: 'String::operator ==' : inconsistent dll linkage
                 c:\users\elizabeth.rowlands\documents\github\angin\angin\standardlib\source\String.h(33) : see previous definition of '=='
     1>source\String.cpp(167): warning C4273: 'String::operator !=' : inconsistent dll linkage
                 c:\users\elizabeth.rowlands\documents\github\angin\angin\standardlib\source\String.h(35) : see previous definition of '!='
     1>source\String.cpp(172): warning C4273: 'String::GetLength' : inconsistent dll linkage
                 c:\users\elizabeth.rowlands\documents\github\angin\angin\standardlib\source\String.h(38) : see previous definition of 'GetLength'
     1>source\String.cpp(177): warning C4273: 'String::GetString' : inconsistent dll linkage
                 c:\users\elizabeth.rowlands\documents\github\angin\angin\standardlib\source\String.h(40) : see previous definition of 'GetString'
     1>source\String.cpp(182): warning C4273: 'String::SetString' : inconsistent dll linkage
                 c:\users\elizabeth.rowlands\documents\github\angin\angin\standardlib\source\String.h(43) : see previous definition of 'SetString'
     1>source\String.cpp(218): warning C4273: 'String::UpdateLength' : inconsistent dll linkage
                 c:\users\elizabeth.rowlands\documents\github\angin\angin\standardlib\source\String.h(47) : see previous definition of 'UpdateLength'
       Link:
         C:\Program Files (x86)\Microsoft Visual Studio 12.0\VC\bin\link.exe /ERRORREPORT:PROMPT /OUT:"C:\Users\elizabeth.rowlands\Documents\GitHub\Angin\Angin\..\Release\LTL.dll" /NOLOGO kernel32.lib user32.lib gdi32.lib winspool.lib comdlg32.lib advapi32.lib shell32.lib ole32.lib oleaut32.lib uuid.lib odbc32.lib odbccp32.lib /MANIFEST /MANIFESTUAC:"level='asInvoker' uiAccess='false'" /manifest:embed /DEBUG /PDB:"C:\Users\elizabeth.rowlands\Documents\GitHub\Angin\Angin\..\Release\LTL.pdb" /SUBSYSTEM:WINDOWS /OPT:REF /OPT:ICF /LTCG /TLBID:1 /DYNAMICBASE /NXCOMPAT /IMPLIB:"C:\Users\elizabeth.rowlands\Documents\GitHub\Angin\Angin\..\Release\LTL.lib" /MACHINE:X86 /SAFESEH /DLL C:\Users\elizabeth.rowlands\Documents\GitHub\Angin\Angin\..\Release\bin\String.obj
            Creating library C:\Users\elizabeth.rowlands\Documents\GitHub\Angin\Angin\..\Release\LTL.lib and object C:\Users\elizabeth.rowlands\Documents\GitHub\Angin\Angin\..\Release\LTL.exp
         Generating code
     1>c:\users\elizabeth.rowlands\documents\github\angin\angin\standardlib\source\string.cpp(154): warning C4711: function 'unsigned int const __thiscall String::GetLength(void)const ' selected for automatic inline expansion
     1>c:\users\elizabeth.rowlands\documents\github\angin\angin\standardlib\source\string.cpp(124): warning C4711: function '__thiscall String::String(void)' selected for automatic inline expansion
     1>c:\users\elizabeth.rowlands\documents\github\angin\angin\standardlib\source\string.cpp(154): warning C4711: function 'unsigned int const __thiscall String::GetLength(void)const ' selected for automatic inline expansion
     1>c:\users\elizabeth.rowlands\documents\github\angin\angin\standardlib\source\string.cpp(168): warning C4711: function 'bool __thiscall String::operator==(class String const &)' selected for automatic inline expansion
     1>c:\users\elizabeth.rowlands\documents\github\angin\angin\standardlib\source\string.cpp(154): warning C4711: function 'unsigned int const __thiscall String::GetLength(void)const ' selected for automatic inline expansion
     1>c:\users\elizabeth.rowlands\documents\github\angin\angin\standardlib\source\string.cpp(168): warning C4711: function 'bool __thiscall String::operator==(class String const &)' selected for automatic inline expansion
     1>c:\users\elizabeth.rowlands\documents\github\angin\angin\standardlib\source\string.cpp(98): warning C4711: function 'bool __thiscall String::operator!=(class String const &)' selected for automatic inline expansion
     1>c:\users\elizabeth.rowlands\documents\github\angin\angin\standardlib\source\string.cpp(149): warning C4711: function '__thiscall String::~String(void)' selected for automatic inline expansion
         Finished generating code
         StandardLib.vcxproj -> C:\Users\elizabeth.rowlands\Documents\GitHub\Angin\Angin\..\Release\LTL.dll
     1>Done Building Project "C:\Users\elizabeth.rowlands\Documents\GitHub\Angin\Angin\StandardLib\StandardLib.vcxproj" (Build target(s)).

Build succeeded.

Time Elapsed 00:00:00.32
