l:\git repos\angin\angin\debug\angin.lib
l:\git repos\angin\angin\debug\angin.exp
c:\users\elizabeth.rowlands\documents\github\angin\angin\debug\angin.lib
c:\users\elizabeth.rowlands\documents\github\angin\angin\debug\angin.exp
l:\git repos\angin\angin\angin\debug\vc120.pdb
c:\users\elizabeth.rowlands\documents\github\angin\angin\angin\debug\vc120.pdb
c:\users\elizabeth.rowlands\documents\github\angin\angin\angin\debug\vc120.idb
c:\users\elizabeth.rowlands\documents\github\angin\angin\angin\debug\game.obj
c:\users\elizabeth.rowlands\documents\github\angin\angin\angin\debug\object.obj
c:\users\elizabeth.rowlands\documents\github\angin\angin\angin\debug\window.obj
l:\git repos\angin\angin\debug\angin.ilk
l:\git repos\angin\angin\debug\angin.dll
l:\git repos\angin\angin\debug\angin.pdb
c:\users\elizabeth.rowlands\documents\github\angin\angin\debug\angin.ilk
c:\users\elizabeth.rowlands\documents\github\angin\angin\debug\angin.dll
c:\users\elizabeth.rowlands\documents\github\angin\angin\debug\angin.pdb
c:\users\elizabeth.rowlands\documents\github\angin\angin\angin\debug\angin.tlog\angin.write.1u.tlog
c:\users\elizabeth.rowlands\documents\github\angin\angin\angin\debug\angin.tlog\cl.command.1.tlog
c:\users\elizabeth.rowlands\documents\github\angin\angin\angin\debug\angin.tlog\cl.read.1.tlog
c:\users\elizabeth.rowlands\documents\github\angin\angin\angin\debug\angin.tlog\cl.write.1.tlog
c:\users\elizabeth.rowlands\documents\github\angin\angin\angin\debug\angin.tlog\link.command.1.tlog
c:\users\elizabeth.rowlands\documents\github\angin\angin\angin\debug\angin.tlog\link.read.1.tlog
c:\users\elizabeth.rowlands\documents\github\angin\angin\angin\debug\angin.tlog\link.write.1.tlog
