Build started 14/04/2015 8:43:24 PM.
     1>Project "C:\Users\elizabeth.rowlands\Documents\GitHub\Angin\Angin\Angin\Angin.vcxproj" on node 2 (Build target(s)).
     1>ClCompile:
         C:\Program Files (x86)\Microsoft Visual Studio 12.0\VC\bin\CL.exe /c /IC:\Users\elizabeth.rowlands\Documents\GitHub\Angin\Angin\Angin\include /IC:\Users\elizabeth.rowlands\Documents\GitHub\Angin\Angin\\3rdParty\glm\ /IC:\Users\elizabeth.rowlands\Documents\GitHub\Angin\Angin\3rdParty\SDL2\include\ /ZI /nologo /W3 /WX- /Od /Oy- /D WIN32 /D _DEBUG /D _LIB /D ANGIN_EXPORTS /D _WINDLL /D _UNICODE /D UNICODE /Gm /EHsc /RTC1 /MDd /GS /fp:precise /Zc:wchar_t /Zc:forScope /Fo"Debug\\" /Fd"Debug\vc120.pdb" /Gd /TP /analyze- /errorReport:prompt source\Game.cpp source\Object.cpp source\Window.cpp
         Window.cpp
     1>c:\users\elizabeth.rowlands\documents\github\angin\angin\angin\source\window.cpp(24): warning C4996: 'strcpy': This function or variable may be unsafe. Consider using strcpy_s instead. To disable deprecation, use _CRT_SECURE_NO_WARNINGS. See online help for details.
                 c:\program files (x86)\microsoft visual studio 12.0\vc\include\string.h(112) : see declaration of 'strcpy'
     1>c:\users\elizabeth.rowlands\documents\github\angin\angin\angin\source\window.cpp(29): warning C4804: '<' : unsafe use of type 'bool' in operation
         Object.cpp
         Game.cpp
         Generating Code...
       Link:
         C:\Program Files (x86)\Microsoft Visual Studio 12.0\VC\bin\link.exe /ERRORREPORT:PROMPT /OUT:"C:\Users\elizabeth.rowlands\Documents\GitHub\Angin\Angin\Debug\Angin.dll" /INCREMENTAL /NOLOGO /LIBPATH:C:\Users\elizabeth.rowlands\Documents\GitHub\Angin\Angin\3rdParty\SDL2\lib\x86\ SDL2.lib SDL2main.lib kernel32.lib user32.lib gdi32.lib winspool.lib comdlg32.lib advapi32.lib shell32.lib ole32.lib oleaut32.lib uuid.lib odbc32.lib odbccp32.lib /MANIFEST /MANIFESTUAC:"level='asInvoker' uiAccess='false'" /manifest:embed /DEBUG /PDB:"C:\Users\elizabeth.rowlands\Documents\GitHub\Angin\Angin\Debug\Angin.pdb" /SUBSYSTEM:CONSOLE /TLBID:1 /DYNAMICBASE /NXCOMPAT /IMPLIB:"C:\Users\elizabeth.rowlands\Documents\GitHub\Angin\Angin\Debug\Angin.lib" /MACHINE:X86 /DLL Debug\Game.obj
         Debug\Object.obj
         Debug\Window.obj
            Creating library C:\Users\elizabeth.rowlands\Documents\GitHub\Angin\Angin\Debug\Angin.lib and object C:\Users\elizabeth.rowlands\Documents\GitHub\Angin\Angin\Debug\Angin.exp
         Angin.vcxproj -> C:\Users\elizabeth.rowlands\Documents\GitHub\Angin\Angin\Debug\Angin.dll
     1>Done Building Project "C:\Users\elizabeth.rowlands\Documents\GitHub\Angin\Angin\Angin\Angin.vcxproj" (Build target(s)).

Build succeeded.

Time Elapsed 00:00:00.68
